<?xml version="1.0" encoding="UTF-8"?>
<!-- Generated by org.testng.reporters.JUnitReportReporter -->
<testsuite hostname="DESKTOP-92J101I" failures="0" tests="1" name="Test.GoogleSearch" time="11.304" errors="0" timestamp="2022-07-28T16:31:43 IST" skipped="0">
  <testcase classname="Test.GoogleSearch" name="google_Serach" time="11.304"/>
  <system-out/>
</testsuite> <!-- Test.GoogleSearch -->
